#
# A fatal error has been detected by the Java Runtime Environment:
#
#  EXCEPTION_ACCESS_VIOLATION (0xc0000005) at pc=0x00000000, pid=14588, tid=13652
#
# JRE version: 7.0_17-b02
# Java VM: Java HotSpot(TM) Client VM (23.7-b01 mixed mode windows-x86 )
# Problematic frame:
# C  0x00000000
#
# Failed to write core dump. Minidumps are not enabled by default on client versions of Windows
#
# If you would like to submit a bug report, please visit:
#   http://bugreport.sun.com/bugreport/crash.jsp
#

---------------  T H R E A D  ---------------

Current thread (0x0029bc00):  JavaThread "main" [_thread_in_Java, id=13652, stack(0x00e40000,0x00e90000)]

siginfo: ExceptionCode=0xc0000005, ExceptionInformation=0x00000008 0x00000000

Registers:
EAX=0x04000000, EBX=0x2050deb8, ECX=0x10500da0, EDX=0x0c800001
ESP=0x00e8ef20, EBP=0x00e8ef48, ESI=0x00e8ef24, EDI=0x00e8ef4c
EIP=0x00000000, EFLAGS=0x00010216

Top of Stack: (sp=0x00e8ef20)
0x00e8ef20:   02c4353b 10500da0 00e8ef28 20518324
0x00e8ef30:   00e8ef4c 20571d18 00000000 20518370
0x00e8ef40:   00e8ef24 00e8ef50 00e8ef6c 02c403d7
0x00e8ef50:   00e8efa0 00e8ef7c 60339c12 00001fa0
0x00e8ef60:   02c40372 0029bc00 20518370 00e8efe8
0x00e8ef70:   6033a34a 00e8efa0 00e8f074 0000000a
0x00e8ef80:   20518370 02c498c0 00e8f080 00000000
0x00e8ef90:   0029bc00 20518370 0029bc00 0029bc00 

Instructions: (pc=0x00000000)
0xffffffe0:   


Register to memory mapping:

EAX=0x04000000 is an unknown value
EBX=0x2050deb8 is an oop
{method} 
 - klass: {other class}
ECX=0x10500da0 is an oop
java.lang.Class 
 - klass: 'java/lang/Class'
EDX=0x0c800001 is an unknown value
ESP=0x00e8ef20 is pointing into the stack for thread: 0x0029bc00
EBP=0x00e8ef48 is pointing into the stack for thread: 0x0029bc00
ESI=0x00e8ef24 is pointing into the stack for thread: 0x0029bc00
EDI=0x00e8ef4c is pointing into the stack for thread: 0x0029bc00


Stack: [0x00e40000,0x00e90000],  sp=0x00e8ef20,  free space=315k

---------------  P R O C E S S  ---------------

Java Threads: ( => current thread )
=>0x0029bc00 JavaThread "main" [_thread_in_Java, id=13652, stack(0x00e40000,0x00e90000)]

Other Threads:
  0x04f43800 VMThread [stack: 0x052e0000,0x05330000] [id=5916]

VM state:not at safepoint (normal execution)

VM Mutex/Monitor currently owned by a thread: None

Heap
 def new generation   total 4928K, used 88K [0x10500000, 0x10a50000, 0x15a50000)
  eden space 4416K,   2% used [0x10500000, 0x105161b8, 0x10950000)
  from space 512K,   0% used [0x10950000, 0x10950000, 0x109d0000)
  to   space 512K,   0% used [0x109d0000, 0x109d0000, 0x10a50000)
 tenured generation   total 10944K, used 0K [0x15a50000, 0x16500000, 0x20500000)
   the space 10944K,   0% used [0x15a50000, 0x15a50000, 0x15a50200, 0x16500000)
 compacting perm gen  total 12288K, used 538K [0x20500000, 0x21100000, 0x24500000)
   the space 12288K,   4% used [0x20500000, 0x20586aa8, 0x20586c00, 0x21100000)
No shared spaces configured.

Card table byte_map: [0x04c40000,0x04cf0000] byte_map_base: 0x04bbd800

Polling page: 0x001d0000

Code Cache  [0x02c40000, 0x02c88000, 0x04c40000)
 total_blobs=41 nmethods=0 adapters=18 free_code_cache=32498Kb largest_free_block=33278592

Compilation events (0 events):
No events

GC Heap History (0 events):
No events

Deoptimization events (0 events):
No events

Internal exceptions (0 events):
No events

Events (10 events):
Event: 1.096 loading class 0x04efb4e0
Event: 1.096 loading class 0x04efb4e0 done
Event: 1.096 loading class 0x00f61ab0
Event: 1.096 loading class 0x00f61ab0 done
Event: 1.096 loading class 0x00f80cc8
Event: 1.096 loading class 0x00f80cc8 done
Event: 1.097 loading class 0x00f7d7b0
Event: 1.097 loading class 0x00f7d7b0 done
Event: 1.097 loading class 0x00eec870
Event: 1.097 loading class 0x00eec870 done


Dynamic libraries:
0x01270000 - 0x0129f000 	F:\Program Files (x86)\Java\jdk1.7.0_17\bin\javaw.exe
0x776b0000 - 0x77830000 	C:\Windows\SysWOW64\ntdll.dll
0x75bc0000 - 0x75cd0000 	C:\Windows\syswow64\kernel32.dll
0x75ad0000 - 0x75b17000 	C:\Windows\syswow64\KERNELBASE.dll
0x75b20000 - 0x75bc0000 	C:\Windows\syswow64\ADVAPI32.dll
0x75df0000 - 0x75e9c000 	C:\Windows\syswow64\msvcrt.dll
0x75460000 - 0x75479000 	C:\Windows\SysWOW64\sechost.dll
0x771c0000 - 0x772b0000 	C:\Windows\syswow64\RPCRT4.dll
0x75090000 - 0x750f0000 	C:\Windows\syswow64\SspiCli.dll
0x75080000 - 0x7508c000 	C:\Windows\syswow64\CRYPTBASE.dll
0x77030000 - 0x77130000 	C:\Windows\syswow64\USER32.dll
0x77130000 - 0x771c0000 	C:\Windows\syswow64\GDI32.dll
0x760d0000 - 0x760da000 	C:\Windows\syswow64\LPK.dll
0x761b0000 - 0x7624d000 	C:\Windows\syswow64\USP10.dll
0x71f60000 - 0x720fe000 	C:\Windows\WinSxS\x86_microsoft.windows.common-controls_6595b64144ccf1df_6.0.7601.17514_none_41e6975e2bd6f2b2\COMCTL32.dll
0x76030000 - 0x76087000 	C:\Windows\syswow64\SHLWAPI.dll
0x76250000 - 0x762b0000 	C:\Windows\system32\IMM32.DLL
0x75cd0000 - 0x75d9c000 	C:\Windows\syswow64\MSCTF.dll
0x72430000 - 0x72487000 	C:\Windows\SysWOW64\nvinit.dll
0x73480000 - 0x7353e000 	F:\Program Files (x86)\Java\jdk1.7.0_17\jre\bin\msvcr100.dll
0x60210000 - 0x6055c000 	F:\Program Files (x86)\Java\jdk1.7.0_17\jre\bin\client\jvm.dll
0x6a9b0000 - 0x6a9b7000 	C:\Windows\system32\WSOCK32.dll
0x75ec0000 - 0x75ef5000 	C:\Windows\syswow64\WS2_32.dll
0x77680000 - 0x77686000 	C:\Windows\syswow64\NSI.dll
0x74580000 - 0x745b2000 	C:\Windows\system32\WINMM.dll
0x76090000 - 0x76095000 	C:\Windows\syswow64\PSAPI.DLL
0x74c90000 - 0x74c9c000 	F:\Program Files (x86)\Java\jdk1.7.0_17\jre\bin\verify.dll
0x74c10000 - 0x74c30000 	F:\Program Files (x86)\Java\jdk1.7.0_17\jre\bin\java.dll
0x10000000 - 0x104fa000 	F:\Program Files (x86)\jProfile\jprofiler8\bin\windows\jprofilerti.dll
0x760e0000 - 0x7616f000 	C:\Windows\syswow64\oleaut32.dll
0x754e0000 - 0x7563c000 	C:\Windows\syswow64\ole32.dll
0x763d0000 - 0x7701a000 	C:\Windows\syswow64\shell32.dll
0x74ec0000 - 0x74ec9000 	C:\Windows\system32\version.dll
0x73470000 - 0x73475000 	C:\Windows\system32\SHFolder.dll
0x754c0000 - 0x754cb000 	C:\Windows\syswow64\profapi.dll
0x73620000 - 0x73633000 	F:\Program Files (x86)\Java\jdk1.7.0_17\jre\bin\zip.dll
0x68a00000 - 0x68aeb000 	C:\Windows\system32\dbghelp.dll

VM Arguments:
jvm_args: -agentlib:jprofilerti=port=33440 -Dfile.encoding=GBK -Xbootclasspath/p:F:\Program Files (x86)\jProfile\jprofiler8\bin\agent.jar 
java_command: cqupt.java.six.Test
Launcher Type: SUN_STANDARD

Environment Variables:
PATH=F:\Program Files (x86)\jProfile\jprofiler8\bin\windows;F:/Program Files (x86)/Java/jdk1.7.0_17/bin/../jre/bin/client;F:/Program Files (x86)/Java/jdk1.7.0_17/bin/../jre/bin;F:/Program Files (x86)/Java/jdk1.7.0_17/bin/../jre/lib/i386;C:\Program Files (x86)\NVIDIA Corporation\PhysX\Common;C:\Program Files (x86)\Intel\iCLS Client\;F:\Program Files (x86)\Java\jdk1.7.0_17\bin;C:\Program Files\Intel\iCLS Client\;C:\Windows\system32;C:\Windows;C:\Windows\System32\Wbem;C:\Windows\System32\WindowsPowerShell\v1.0\;C:\Program Files\Intel\Intel(R) Management Engine Components\DAL;C:\Program Files\Intel\Intel(R) Management Engine Components\IPT;C:\Program Files (x86)\Intel\Intel(R) Management Engine Components\DAL;C:\Program Files (x86)\Intel\Intel(R) Management Engine Components\IPT;C:\Program Files (x86)\Intel\OpenCL SDK\2.0\bin\x86;C:\Program Files (x86)\Intel\OpenCL SDK\2.0\bin\x64;C:\Program Files\WIDCOMM\Bluetooth Software\;C:\Program Files\WIDCOMM\Bluetooth Software\syswow64;F:\Program Files (x86)\MySQL\MySQL Server 5.1\bin;F:\Program Files\Java\jdk1.8.0_05\bin;F:\Program Files\TortoiseSVN\bin;C:\Program Files (x86)\Windows Kits\8.1\Windows Performance Toolkit\;C:\Program Files\Microsoft SQL Server\110\Tools\Binn\;F:\Program Files (x86)\MATLAB\R2014a\runtime\win64;F:\Program Files (x86)\MATLAB\R2014a\bin;F:\Program Files (x86)\MATLAB\R2014a\polyspace\bin;.;;F:\Program Files (x86)\eclipse;;.;
USERNAME=÷ÏÀß
OS=Windows_NT
PROCESSOR_IDENTIFIER=Intel64 Family 6 Model 58 Stepping 9, GenuineIntel



---------------  S Y S T E M  ---------------

OS: Windows 7 , 64 bit Build 7601 Service Pack 1

CPU:total 4 (2 cores per cpu, 2 threads per core) family 6 model 58 stepping 9, cmov, cx8, fxsr, mmx, sse, sse2, sse3, ssse3, sse4.1, sse4.2, popcnt, avx, ht, tsc, tscinvbit, tscinv

Memory: 4k page, physical 4094316k(918136k free), swap 8186768k(2965956k free)

vm_info: Java HotSpot(TM) Client VM (23.7-b01) for windows-x86 JRE (1.7.0_17-b02), built on Mar  1 2013 05:04:36 by "java_re" with unknown MS VC++:1600

time: Mon Oct 20 00:56:03 2014
elapsed time: 1 seconds

